<?xml version="1.0" encoding="UTF-8"?>
<!-- Generated by org.testng.reporters.JUnitReportReporter -->
<testsuite hostname="Gopalasaikumar" failures="0" tests="1" name="testCases.TC_001_AccountRegistrationTest" time="20.155" errors="0" timestamp="2024-06-01T14:09:24 IST" skipped="0">
  <testcase classname="testCases.TC_001_AccountRegistrationTest" name="verify_account_registration" time="20.155"/>
</testsuite> <!-- testCases.TC_001_AccountRegistrationTest -->
