<?xml version="1.0" encoding="UTF-8"?>
<!-- Generated by org.testng.reporters.JUnitReportReporter -->
<testsuite hostname="Gopalasaikumar" failures="0" tests="1" name="testCases.TC_001_AccountRegistrationTest" time="51.675" errors="0" timestamp="2024-01-28T15:21:54 IST" skipped="0">
  <testcase classname="testCases.TC_001_AccountRegistrationTest" name="verify_account_registration" time="51.675"/>
</testsuite> <!-- testCases.TC_001_AccountRegistrationTest -->
